<?xml version="1.0" encoding="UTF-8"?>
<!-- Generated by org.testng.reporters.JUnitReportReporter -->
<testsuite skipped="0" hostname="ROOPAM" name="ParaBankProject.TestNgTest" tests="2" failures="0" timestamp="07 Dec 2022 16:23:11 GMT" time="7.947" errors="0">
  <testcase name="Test2" time="0.000" classname="ParaBankProject.TestNgTest"/>
  <testcase name="loginToParaBank" time="7.947" classname="ParaBankProject.TestNgTest"/>
</testsuite> <!-- ParaBankProject.TestNgTest -->
